<?xml version="1.0" encoding="UTF-8"?>
<testsuite name="Scenario: Check validations error on Your energy page" time="0.012" tests="44" errors="5" skipped="37" failures="0">
  <properties>
[...]
</properties>
  <testcase name="Scenario: Minimum required fields to be filled by user to complete journey for energy quotes/prices." classname="used default option" time="0.001">
    <error type="java.lang.NullPointerException:">java.lang.NullPointerException: null
	at com.comparethemarket.energycomparison.stepdefs.EnergyComparisonStepDefs.i_am_on_page(EnergyComparisonStepDefs.java:59)
	at ✽.And I am on Supplier details page(features/EnergyComparisonFlow.feature:7)
</error>
  </testcase>
  <testcase name="And I add the postcode PE2 6YS(Scenario: Minimum required fields to be filled by user to complete journey for energy quotes/prices." classname="And I add the postcode PE2 6YS(Scenario: Minimum required fields to be filled by user to complete journey for energy quotes/prices.(used default option))" time="0">
    <skipped/>
  </testcase>
  <testcase name="Given I click next to go to energy details(Scenario: Minimum required fields to be filled by user to complete journey for energy quotes/prices." classname="Given I click next to go to energy details(Scenario: Minimum required fields to be filled by user to complete journey for energy quotes/prices.(used default option))" time="0">
    <skipped/>
    <system-out><![CDATA[
  Background:                              &amp#27;[90m# features/EnergyComparisonFlow.feature:5&amp#27;[0m
    &amp#27;[32mGiven &amp#27;[0m&amp#27;[32mI navigate to compare the market&amp#27;[0m &amp#27;[90m# EnergyComparisonStepDefs.i_navigate_to_compare_the_market()&amp#27;[0m
    &amp#27;[31mAnd &amp#27;[0m&amp#27;[31mI am on &amp#27;[0m&amp#27;[31m&amp#27;[1mSupplier details&amp#27;[0m&amp#27;[31m page&amp#27;[0m      &amp#27;[90m# EnergyComparisonStepDefs.i_am_on_page(String)&amp#27;[0m
      &amp#27;[31mjava.lang.NullPointerException
      	at com.comparethemarket.energycomparison.stepdefs.EnergyComparisonStepDefs.i_am_on_page(EnergyComparisonStepDefs.java:59)
      	at ?.And I am on Supplier details page(features/EnergyComparisonFlow.feature:7)
      &amp#27;[0m
    &amp#27;[36mAnd &amp#27;[0m&amp#27;[36mI add the postcode &amp#27;[0m&amp#27;[36m&amp#27;[1mPE2 6YS&amp#27;[0m         &amp#27;[90m# EnergyComparisonStepDefs.i_add_the_postcode(String)&amp#27;[0m
]]></system-out>
  </testcase>
  <testcase name="And I am on Energy details page(Scenario: Minimum required fields to be filled by user to complete journey for energy quotes/prices." classname="And I am on Energy details page(Scenario: Minimum required fields to be filled by user to complete journey for energy quotes/prices.(used default option))" time="0">
    <skipped/>
  </testcase>
  <testcase name="And electricity usage is 800(Scenario: Minimum required fields to be filled by user to complete journey for energy quotes/prices." classname="And electricity usage is 800(Scenario: Minimum required fields to be filled by user to complete journey for energy quotes/prices.(used default option))" time="0">
    <skipped/>
  </testcase>
  <testcase name="And I click on next to go to personal details(Scenario: Minimum required fields to be filled by user to complete journey for energy quotes/prices." classname="And I click on next to go to personal details(Scenario: Minimum required fields to be filled by user to complete journey for energy quotes/prices.(used default option))" time="0">
    <skipped/>
  </testcase>
  <testcase name="And I click on next to go to personal details(Scenario: Minimum required fields to be filled by user to complete journey for energy quotes/prices." classname="And I click on next to go to personal details(Scenario: Minimum required fields to be filled by user to complete journey for energy quotes/prices.(used default option))" time="0">
    <skipped/>
  </testcase>
  <testcase name="And gas usage is 700(Scenario: Minimum required fields to be filled by user to complete journey for energy quotes/prices." classname="And gas usage is 700(Scenario: Minimum required fields to be filled by user to complete journey for energy quotes/prices.(used default option))" time="0">
    <skipped/>
  </testcase>
  <testcase name="And I am on personal details page(Scenario: Minimum required fields to be filled by user to complete journey for energy quotes/prices." classname="And I am on personal details page(Scenario: Minimum required fields to be filled by user to complete journey for energy quotes/prices.(used default option))" time="0">
    <skipped/>
  </testcase>
  <testcase name="And I select tariff as Fixed(Scenario: Minimum required fields to be filled by user to complete journey for energy quotes/prices." classname="And I select tariff as Fixed(Scenario: Minimum required fields to be filled by user to complete journey for energy quotes/prices.(used default option))" time="0">
    <skipped/>
  </testcase>
  <testcase name="And I select payment type monthly direct debit(Scenario: Minimum required fields to be filled by user to complete journey for energy quotes/prices." classname="And I select payment type monthly direct debit(Scenario: Minimum required fields to be filled by user to complete journey for energy quotes/prices.(used default option))" time="0">
    <skipped/>
  </testcase>
  <testcase name="And I enter my email abc@de.com(Scenario: Minimum required fields to be filled by user to complete journey for energy quotes/prices." classname="And I enter my email abc@de.com(Scenario: Minimum required fields to be filled by user to complete journey for energy quotes/prices.(used default option))" time="0">
    <skipped/>
  </testcase>
  <testcase name="And I tick the box of terms and condition(Scenario: Minimum required fields to be filled by user to complete journey for energy quotes/prices." classname="And I tick the box of terms and condition(Scenario: Minimum required fields to be filled by user to complete journey for energy quotes/prices.(used default option))" time="0">
    <skipped/>
  </testcase>
  <testcase name="When I click on Go to prices(Scenario: Minimum required fields to be filled by user to complete journey for energy quotes/prices." classname="When I click on Go to prices(Scenario: Minimum required fields to be filled by user to complete journey for energy quotes/prices.(used default option))" time="0">
    <skipped/>
  </testcase>
  <testcase name="Then I am on prices result page(Scenario: Minimum required fields to be filled by user to complete journey for energy quotes/prices." classname="Then I am on prices result page(Scenario: Minimum required fields to be filled by user to complete journey for energy quotes/prices.(used default option))" time="0">
    <skipped/>
  </testcase>
  <testcase name="Given I navigate to compare the market" classname="Scenario: Gas energy comparison with No bill, unknown supplier, variable tariff and quarterly direct debit" time="0"/>
  <testcase name="And I am on Supplier details page" classname="Scenario: Gas energy comparison with No bill, unknown supplier, variable tariff and quarterly direct debit" time="0.001">
    <error type="java.lang.NullPointerException:">java.lang.NullPointerException: null
	at com.comparethemarket.energycomparison.stepdefs.EnergyComparisonStepDefs.i_am_on_page(EnergyComparisonStepDefs.java:59)
	at ✽.And I am on Supplier details page(features/EnergyComparisonFlow.feature:7)
</error>
  </testcase>
  <testcase name="Scenario: Gas energy comparison with No bill, unknown supplier, variable tariff and quarterly direct debit" classname="Scenario: Gas energy comparison with No bill, unknown supplier, variable tariff and quarterly direct debit" time="0.002">
    <error type="java.lang.NullPointerException:">java.lang.NullPointerException: null
	at com.comparethemarket.energycomparison.stepdefs.EnergyComparisonStepDefs.i_am_on_page(EnergyComparisonStepDefs.java:59)
	at ✽.And I am on Supplier details page(features/EnergyComparisonFlow.feature:7)
</error>
  </testcase>
  <testcase name="And I add the postcode PE2 6YS" classname="Scenario: Gas energy comparison with No bill, unknown supplier, variable tariff and quarterly direct debit" time="0">
    <skipped/>
  </testcase>
  <testcase name="Given I have no bill" classname="Scenario: Gas energy comparison with No bill, unknown supplier, variable tariff and quarterly direct debit" time="0">
    <skipped/>
    <system-out><![CDATA[
  Background:                              &amp#27;[90m# features/EnergyComparisonFlow.feature:5&amp#27;[0m
    &amp#27;[32mGiven &amp#27;[0m&amp#27;[32mI navigate to compare the market&amp#27;[0m &amp#27;[90m# EnergyComparisonStepDefs.i_navigate_to_compare_the_market()&amp#27;[0m
    &amp#27;[31mAnd &amp#27;[0m&amp#27;[31mI am on &amp#27;[0m&amp#27;[31m&amp#27;[1mSupplier details&amp#27;[0m&amp#27;[31m page&amp#27;[0m      &amp#27;[90m# EnergyComparisonStepDefs.i_am_on_page(String)&amp#27;[0m
      &amp#27;[31mjava.lang.NullPointerException
      	at com.comparethemarket.energycomparison.stepdefs.EnergyComparisonStepDefs.i_am_on_page(EnergyComparisonStepDefs.java:59)
      	at ?.And I am on Supplier details page(features/EnergyComparisonFlow.feature:7)
      &amp#27;[0m
    &amp#27;[36mAnd &amp#27;[0m&amp#27;[36mI add the postcode &amp#27;[0m&amp#27;[36m&amp#27;[1mPE2 6YS&amp#27;[0m         &amp#27;[90m# EnergyComparisonStepDefs.i_add_the_postcode(String)&amp#27;[0m
]]></system-out>
  </testcase>
  <testcase name="And I want Gas energy comparison" classname="Scenario: Gas energy comparison with No bill, unknown supplier, variable tariff and quarterly direct debit" time="0">
    <skipped/>
  </testcase>
  <testcase name="And I do not know current supplier" classname="Scenario: Gas energy comparison with No bill, unknown supplier, variable tariff and quarterly direct debit" time="0">
    <skipped/>
  </testcase>
  <testcase name="And I click next to go to energy details" classname="Scenario: Gas energy comparison with No bill, unknown supplier, variable tariff and quarterly direct debit" time="0">
    <skipped/>
  </testcase>
  <testcase name="And I am on Energy details page" classname="Scenario: Gas energy comparison with No bill, unknown supplier, variable tariff and quarterly direct debit" time="0">
    <skipped/>
  </testcase>
  <testcase name="And gas current spend is 100" classname="Scenario: Gas energy comparison with No bill, unknown supplier, variable tariff and quarterly direct debit" time="0">
    <skipped/>
  </testcase>
  <testcase name="And I click on next to go to personal details" classname="Scenario: Gas energy comparison with No bill, unknown supplier, variable tariff and quarterly direct debit" time="0">
    <skipped/>
  </testcase>
  <testcase name="And I am on personal details page" classname="Scenario: Gas energy comparison with No bill, unknown supplier, variable tariff and quarterly direct debit" time="0">
    <skipped/>
  </testcase>
  <testcase name="And I select tariff as Variable" classname="Scenario: Gas energy comparison with No bill, unknown supplier, variable tariff and quarterly direct debit" time="0">
    <skipped/>
  </testcase>
  <testcase name="And I select payment type quarterly direct debit" classname="Scenario: Gas energy comparison with No bill, unknown supplier, variable tariff and quarterly direct debit" time="0">
    <skipped/>
  </testcase>
  <testcase name="And I enter my email abc@de.com" classname="Scenario: Gas energy comparison with No bill, unknown supplier, variable tariff and quarterly direct debit" time="0">
    <skipped/>
  </testcase>
  <testcase name="And I agree to receive marketing communication" classname="Scenario: Gas energy comparison with No bill, unknown supplier, variable tariff and quarterly direct debit" time="0">
    <skipped/>
  </testcase>
  <testcase name="And I tick the box of terms and condition" classname="Scenario: Gas energy comparison with No bill, unknown supplier, variable tariff and quarterly direct debit" time="0">
    <skipped/>
  </testcase>
  <testcase name="When I click on Go to prices" classname="Scenario: Gas energy comparison with No bill, unknown supplier, variable tariff and quarterly direct debit" time="0">
    <skipped/>
  </testcase>
  <testcase name="Then I am on prices result page" classname="Scenario: Gas energy comparison with No bill, unknown supplier, variable tariff and quarterly direct debit" time="0">
    <skipped/>
  </testcase>
  <testcase name="Given I navigate to compare the market" classname="Scenario: Check validations error on Your energy page" time="0"/>
  <testcase name="And I am on Supplier details page" classname="Scenario: Check validations error on Your energy page" time="0.003">
    <error type="java.lang.NullPointerException:">java.lang.NullPointerException: null
	at com.comparethemarket.energycomparison.stepdefs.EnergyComparisonStepDefs.i_am_on_page(EnergyComparisonStepDefs.java:59)
	at ✽.And I am on Supplier details page(features/EnergyComparisonFlow.feature:7)
</error>
  </testcase>
  <testcase name="Scenario: Check validations error on Your energy page" classname="Scenario: Check validations error on Your energy page" time="0.005">
    <error type="java.lang.NullPointerException:">java.lang.NullPointerException: null
	at com.comparethemarket.energycomparison.stepdefs.EnergyComparisonStepDefs.i_am_on_page(EnergyComparisonStepDefs.java:59)
	at ✽.And I am on Supplier details page(features/EnergyComparisonFlow.feature:7)
</error>
  </testcase>
  <testcase name="And I add the postcode PE2 6YS" classname="Scenario: Check validations error on Your energy page" time="0">
    <skipped/>
  </testcase>
  <testcase name="Given I click next to go to energy details" classname="Scenario: Check validations error on Your energy page" time="0">
    <skipped/>
    <system-out><![CDATA[
  Background:                              &amp#27;[90m# features/EnergyComparisonFlow.feature:5&amp#27;[0m
    &amp#27;[32mGiven &amp#27;[0m&amp#27;[32mI navigate to compare the market&amp#27;[0m &amp#27;[90m# EnergyComparisonStepDefs.i_navigate_to_compare_the_market()&amp#27;[0m
    &amp#27;[31mAnd &amp#27;[0m&amp#27;[31mI am on &amp#27;[0m&amp#27;[31m&amp#27;[1mSupplier details&amp#27;[0m&amp#27;[31m page&amp#27;[0m      &amp#27;[90m# EnergyComparisonStepDefs.i_am_on_page(String)&amp#27;[0m
      &amp#27;[31mjava.lang.NullPointerException
      	at com.comparethemarket.energycomparison.stepdefs.EnergyComparisonStepDefs.i_am_on_page(EnergyComparisonStepDefs.java:59)
      	at ?.And I am on Supplier details page(features/EnergyComparisonFlow.feature:7)
      &amp#27;[0m
    &amp#27;[36mAnd &amp#27;[0m&amp#27;[36mI add the postcode &amp#27;[0m&amp#27;[36m&amp#27;[1mPE2 6YS&amp#27;[0m         &amp#27;[90m# EnergyComparisonStepDefs.i_add_the_postcode(String)&amp#27;[0m
]]></system-out>
  </testcase>
  <testcase name="And I am on Energy details page" classname="Scenario: Check validations error on Your energy page" time="0">
    <skipped/>
  </testcase>
  <testcase name="And I am on Energy details page" classname="Scenario: Check validations error on Your energy page" time="0">
    <skipped/>
  </testcase>
  <testcase name="When I click on next to go to personal details" classname="Scenario: Check validations error on Your energy page" time="0">
    <skipped/>
  </testcase>
  <testcase name="Then error message should appear &quot;Complete this section to continue 1 question remaining&quot;" classname="Scenario: Check validations error on Your energy page" time="0">
    <skipped/>
  </testcase>
  <testcase name="And required field is highlighted with red outline" classname="Scenario: Check validations error on Your energy page" time="0">
    <skipped/>
  </testcase>
</testsuite>